# JRE version: OpenJDK Runtime Environment Temurin-21.0.10+7 (21.0.10+7) (build 21.0.10+7-LTS)
# Java VM: OpenJDK 64-Bit Server VM Temurin-21.0.10+7 (21.0.10+7-LTS, mixed mode, sharing, tiered, compressed oops, compressed class ptrs, parallel gc, windows-amd64)
GC Precious Log:
 CardTable entry size: 512
 CPUs: 8 total, 8 available
 Memory: 8029M
 Large Page Support: Disabled
 NUMA Support: Disabled
 Compressed Oops: Enabled (32-bit)
 Alignments: Space 512K, Generation 512K, Heap 2M
 Heap Min Capacity: 100M
 Heap Initial Capacity: 100M
 Heap Max Capacity: 2G
 Pre-touch: Disabled
 Parallel Workers: 8
Heap:
 PSYoungGen      total 3072K, used 1082K [0x00000000d5580000, 0x00000000d5a00000, 0x0000000100000000)
  eden space 2560K, 22% used [0x00000000d5580000,0x00000000d56122d0,0x00000000d5800000)
  from space 512K, 97% used [0x00000000d5880000,0x00000000d58fc670,0x00000000d5900000)
  to   space 1024K, 0% used [0x00000000d5900000,0x00000000d5900000,0x00000000d5a00000)
 ParOldGen       total 1138688K, used 1138032K [0x0000000080000000, 0x00000000c5800000, 0x00000000d5580000)
  object space 1138688K, 99% used [0x0000000080000000,0x00000000c575c090,0x00000000c5800000)
 Metaspace       used 80112K, committed 81728K, reserved 1179648K
  class space    used 8067K, committed 8832K, reserved 1048576K
GC Heap History (20 events):
Event: 1898.001 GC heap before
{Heap before GC invocations=1856 (full 4):
 PSYoungGen      total 3584K, used 3168K [0x00000000d5580000, 0x00000000d5a00000, 0x0000000100000000)
  eden space 2560K, 100% used [0x00000000d5580000,0x00000000d5800000,0x00000000d5800000)
  from space 1024K, 59% used [0x00000000d5800000,0x00000000d5898000,0x00000000d5900000)
  to   space 1024K, 0% used [0x00000000d5900000,0x00000000d5900000,0x00000000d5a00000)
 ParOldGen       total 1103872K, used 1103637K [0x0000000080000000, 0x00000000c3600000, 0x00000000d5580000)
  object space 1103872K, 99% used [0x0000000080000000,0x00000000c35c5768,0x00000000c3600000)
 Metaspace       used 80056K, committed 81728K, reserved 1179648K
  class space    used 8065K, committed 8832K, reserved 1048576K
}
Event: 1898.004 GC heap after
{Heap after GC invocations=1856 (full 4):
 PSYoungGen      total 3584K, used 715K [0x00000000d5580000, 0x00000000d5a00000, 0x0000000100000000)
  eden space 2560K, 0% used [0x00000000d5580000,0x00000000d5580000,0x00000000d5800000)
  from space 1024K, 69% used [0x00000000d5900000,0x00000000d59b2ce0,0x00000000d5a00000)
  to   space 1024K, 0% used [0x00000000d5800000,0x00000000d5800000,0x00000000d5900000)
 ParOldGen       total 1104384K, used 1104115K [0x0000000080000000, 0x00000000c3680000, 0x00000000d5580000)
  object space 1104384K, 99% used [0x0000000080000000,0x00000000c363cce8,0x00000000c3680000)
 Metaspace       used 80056K, committed 81728K, reserved 1179648K
  class space    used 8065K, committed 8832K, reserved 1048576K
}
Event: 1898.049 GC heap before
{Heap before GC invocations=1857 (full 4):
 PSYoungGen      total 3584K, used 3275K [0x00000000d5580000, 0x00000000d5a00000, 0x0000000100000000)
  eden space 2560K, 100% used [0x00000000d5580000,0x00000000d5800000,0x00000000d5800000)
  from space 1024K, 69% used [0x00000000d5900000,0x00000000d59b2ce0,0x00000000d5a00000)
  to   space 1024K, 0% used [0x00000000d5800000,0x00000000d5800000,0x00000000d5900000)
 ParOldGen       total 1104384K, used 1104115K [0x0000000080000000, 0x00000000c3680000, 0x00000000d5580000)
  object space 1104384K, 99% used [0x0000000080000000,0x00000000c363cce8,0x00000000c3680000)
 Metaspace       used 80060K, committed 81728K, reserved 1179648K
  class space    used 8066K, committed 8832K, reserved 1048576K
}
Event: 1898.053 GC heap after
{Heap after GC invocations=1857 (full 4):
 PSYoungGen      total 3584K, used 752K [0x00000000d5580000, 0x00000000d5a00000, 0x0000000100000000)
  eden space 2560K, 0% used [0x00000000d5580000,0x00000000d5580000,0x00000000d5800000)
  from space 1024K, 73% used [0x00000000d5800000,0x00000000d58bc020,0x00000000d5900000)
  to   space 1024K, 0% used [0x00000000d5900000,0x00000000d5900000,0x00000000d5a00000)
 ParOldGen       total 1104896K, used 1104661K [0x0000000080000000, 0x00000000c3700000, 0x00000000d5580000)
  object space 1104896K, 99% used [0x0000000080000000,0x00000000c36c57c8,0x00000000c3700000)
 Metaspace       used 80060K, committed 81728K, reserved 1179648K
  class space    used 8066K, committed 8832K, reserved 1048576K
}
Event: 1898.094 GC heap before
{Heap before GC invocations=1858 (full 4):
 PSYoungGen      total 3584K, used 3312K [0x00000000d5580000, 0x00000000d5a00000, 0x0000000100000000)
  eden space 2560K, 100% used [0x00000000d5580000,0x00000000d5800000,0x00000000d5800000)
  from space 1024K, 73% used [0x00000000d5800000,0x00000000d58bc020,0x00000000d5900000)
  to   space 1024K, 0% used [0x00000000d5900000,0x00000000d5900000,0x00000000d5a00000)
 ParOldGen       total 1104896K, used 1104661K [0x0000000080000000, 0x00000000c3700000, 0x00000000d5580000)
  object space 1104896K, 99% used [0x0000000080000000,0x00000000c36c57c8,0x00000000c3700000)
 Metaspace       used 80062K, committed 81728K, reserved 1179648K
  class space    used 8066K, committed 8832K, reserved 1048576K
}
Event: 1898.098 GC heap after
{Heap after GC invocations=1858 (full 4):
 PSYoungGen      total 3584K, used 608K [0x00000000d5580000, 0x00000000d5a00000, 0x0000000100000000)
  eden space 2560K, 0% used [0x00000000d5580000,0x00000000d5580000,0x00000000d5800000)
  from space 1024K, 59% used [0x00000000d5900000,0x00000000d5998000,0x00000000d5a00000)
  to   space 1024K, 0% used [0x00000000d5800000,0x00000000d5800000,0x00000000d5900000)
 ParOldGen       total 1105408K, used 1105230K [0x0000000080000000, 0x00000000c3780000, 0x00000000d5580000)
  object space 1105408K, 99% used [0x0000000080000000,0x00000000c3753928,0x00000000c3780000)
 Metaspace       used 80062K, committed 81728K, reserved 1179648K
  class space    used 8066K, committed 8832K, reserved 1048576K
}
Event: 1898.139 GC heap before
{Heap before GC invocations=1859 (full 4):
 PSYoungGen      total 3584K, used 3156K [0x00000000d5580000, 0x00000000d5a00000, 0x0000000100000000)
  eden space 2560K, 99% used [0x00000000d5580000,0x00000000d57fd0a8,0x00000000d5800000)
  from space 1024K, 59% used [0x00000000d5900000,0x00000000d5998000,0x00000000d5a00000)
  to   space 1024K, 0% used [0x00000000d5800000,0x00000000d5800000,0x00000000d5900000)
 ParOldGen       total 1105408K, used 1105230K [0x0000000080000000, 0x00000000c3780000, 0x00000000d5580000)
  object space 1105408K, 99% used [0x0000000080000000,0x00000000c3753928,0x00000000c3780000)
 Metaspace       used 80070K, committed 81728K, reserved 1179648K
  class space    used 8066K, committed 8832K, reserved 1048576K
}
Event: 1898.142 GC heap after
{Heap after GC invocations=1859 (full 4):
 PSYoungGen      total 3584K, used 679K [0x00000000d5580000, 0x00000000d5a00000, 0x0000000100000000)
  eden space 2560K, 0% used [0x00000000d5580000,0x00000000d5580000,0x00000000d5800000)
  from space 1024K, 66% used [0x00000000d5800000,0x00000000d58a9de0,0x00000000d5900000)
  to   space 1024K, 0% used [0x00000000d5900000,0x00000000d5900000,0x00000000d5a00000)
 ParOldGen       total 1105920K, used 1105590K [0x0000000080000000, 0x00000000c3800000, 0x00000000d5580000)
  object space 1105920K, 99% used [0x0000000080000000,0x00000000c37ad928,0x00000000c3800000)
 Metaspace       used 80070K, committed 81728K, reserved 1179648K
  class space    used 8066K, committed 8832K, reserved 1048576K
}
Event: 1898.300 GC heap before
{Heap before GC invocations=1860 (full 4):
 PSYoungGen      total 3584K, used 3239K [0x00000000d5580000, 0x00000000d5a00000, 0x0000000100000000)
  eden space 2560K, 100% used [0x00000000d5580000,0x00000000d5800000,0x00000000d5800000)
  from space 1024K, 66% used [0x00000000d5800000,0x00000000d58a9de0,0x00000000d5900000)
  to   space 1024K, 0% used [0x00000000d5900000,0x00000000d5900000,0x00000000d5a00000)
 ParOldGen       total 1105920K, used 1105590K [0x0000000080000000, 0x00000000c3800000, 0x00000000d5580000)
  object space 1105920K, 99% used [0x0000000080000000,0x00000000c37ad928,0x00000000c3800000)
 Metaspace       used 80086K, committed 81728K, reserved 1179648K
  class space    used 8066K, committed 8832K, reserved 1048576K
}
Event: 1898.304 GC heap after
{Heap after GC invocations=1860 (full 4):
 PSYoungGen      total 3584K, used 512K [0x00000000d5580000, 0x00000000d5a00000, 0x0000000100000000)
  eden space 2560K, 0% used [0x00000000d5580000,0x00000000d5580000,0x00000000d5800000)
  from space 1024K, 50% used [0x00000000d5900000,0x00000000d5980000,0x00000000d5a00000)
  to   space 1024K, 0% used [0x00000000d5800000,0x00000000d5800000,0x00000000d5900000)
 ParOldGen       total 1106432K, used 1106069K [0x0000000080000000, 0x00000000c3880000, 0x00000000d5580000)
  object space 1106432K, 99% used [0x0000000080000000,0x00000000c3825588,0x00000000c3880000)
 Metaspace       used 80086K, committed 81728K, reserved 1179648K
  class space    used 8066K, committed 8832K, reserved 1048576K
}
Event: 1898.677 GC heap before
{Heap before GC invocations=1861 (full 4):
 PSYoungGen      total 3584K, used 3072K [0x00000000d5580000, 0x00000000d5a00000, 0x0000000100000000)
  eden space 2560K, 100% used [0x00000000d5580000,0x00000000d5800000,0x00000000d5800000)
  from space 1024K, 50% used [0x00000000d5900000,0x00000000d5980000,0x00000000d5a00000)
  to   space 1024K, 0% used [0x00000000d5800000,0x00000000d5800000,0x00000000d5900000)
 ParOldGen       total 1106432K, used 1106069K [0x0000000080000000, 0x00000000c3880000, 0x00000000d5580000)
  object space 1106432K, 99% used [0x0000000080000000,0x00000000c3825588,0x00000000c3880000)
 Metaspace       used 80093K, committed 81728K, reserved 1179648K
  class space    used 8066K, committed 8832K, reserved 1048576K
}
Event: 1898.680 GC heap after
{Heap after GC invocations=1861 (full 4):
 PSYoungGen      total 3584K, used 579K [0x00000000d5580000, 0x00000000d5a00000, 0x0000000100000000)
  eden space 2560K, 0% used [0x00000000d5580000,0x00000000d5580000,0x00000000d5800000)
  from space 1024K, 56% used [0x00000000d5800000,0x00000000d5890f88,0x00000000d5900000)
  to   space 1024K, 0% used [0x00000000d5900000,0x00000000d5900000,0x00000000d5a00000)
 ParOldGen       total 1106944K, used 1106453K [0x0000000080000000, 0x00000000c3900000, 0x00000000d5580000)
  object space 1106944K, 99% used [0x0000000080000000,0x00000000c3885660,0x00000000c3900000)
 Metaspace       used 80093K, committed 81728K, reserved 1179648K
  class space    used 8066K, committed 8832K, reserved 1048576K
}
Event: 1898.964 GC heap before
{Heap before GC invocations=1862 (full 4):
 PSYoungGen      total 3584K, used 3139K [0x00000000d5580000, 0x00000000d5a00000, 0x0000000100000000)
  eden space 2560K, 99% used [0x00000000d5580000,0x00000000d57ffff8,0x00000000d5800000)
  from space 1024K, 56% used [0x00000000d5800000,0x00000000d5890f88,0x00000000d5900000)
  to   space 1024K, 0% used [0x00000000d5900000,0x00000000d5900000,0x00000000d5a00000)
 ParOldGen       total 1138688K, used 1137173K [0x0000000080000000, 0x00000000c5800000, 0x00000000d5580000)
  object space 1138688K, 99% used [0x0000000080000000,0x00000000c5685690,0x00000000c5800000)
 Metaspace       used 80101K, committed 81728K, reserved 1179648K
  class space    used 8066K, committed 8832K, reserved 1048576K
}
Event: 1898.966 GC heap after
{Heap after GC invocations=1862 (full 4):
 PSYoungGen      total 3584K, used 561K [0x00000000d5580000, 0x00000000d5a00000, 0x0000000100000000)
  eden space 2560K, 0% used [0x00000000d5580000,0x00000000d5580000,0x00000000d5800000)
  from space 1024K, 54% used [0x00000000d5900000,0x00000000d598c730,0x00000000d5a00000)
  to   space 1024K, 0% used [0x00000000d5800000,0x00000000d5800000,0x00000000d5900000)
 ParOldGen       total 1138688K, used 1137610K [0x0000000080000000, 0x00000000c5800000, 0x00000000d5580000)
  object space 1138688K, 99% used [0x0000000080000000,0x00000000c56f2848,0x00000000c5800000)
 Metaspace       used 80101K, committed 81728K, reserved 1179648K
  class space    used 8066K, committed 8832K, reserved 1048576K
}
Event: 1899.482 GC heap before
{Heap before GC invocations=1863 (full 4):
 PSYoungGen      total 3584K, used 3121K [0x00000000d5580000, 0x00000000d5a00000, 0x0000000100000000)
  eden space 2560K, 99% used [0x00000000d5580000,0x00000000d57fff88,0x00000000d5800000)
  from space 1024K, 54% used [0x00000000d5900000,0x00000000d598c730,0x00000000d5a00000)
  to   space 1024K, 0% used [0x00000000d5800000,0x00000000d5800000,0x00000000d5900000)
 ParOldGen       total 1138688K, used 1137610K [0x0000000080000000, 0x00000000c5800000, 0x00000000d5580000)
  object space 1138688K, 99% used [0x0000000080000000,0x00000000c56f2848,0x00000000c5800000)
 Metaspace       used 80102K, committed 81728K, reserved 1179648K
  class space    used 8066K, committed 8832K, reserved 1048576K
}
Event: 1899.488 GC heap after
{Heap after GC invocations=1863 (full 4):
 PSYoungGen      total 3584K, used 192K [0x00000000d5580000, 0x00000000d5980000, 0x0000000100000000)
  eden space 2560K, 0% used [0x00000000d5580000,0x00000000d5580000,0x00000000d5800000)
  from space 1024K, 18% used [0x00000000d5800000,0x00000000d5830000,0x00000000d5900000)
  to   space 512K, 0% used [0x00000000d5900000,0x00000000d5900000,0x00000000d5980000)
 ParOldGen       total 1138688K, used 1137915K [0x0000000080000000, 0x00000000c5800000, 0x00000000d5580000)
  object space 1138688K, 99% used [0x0000000080000000,0x00000000c573ee00,0x00000000c5800000)
 Metaspace       used 80102K, committed 81728K, reserved 1179648K
  class space    used 8066K, committed 8832K, reserved 1048576K
}
Event: 2193.494 GC heap before
{Heap before GC invocations=1864 (full 4):
 PSYoungGen      total 3584K, used 2752K [0x00000000d5580000, 0x00000000d5980000, 0x0000000100000000)
  eden space 2560K, 100% used [0x00000000d5580000,0x00000000d5800000,0x00000000d5800000)
  from space 1024K, 18% used [0x00000000d5800000,0x00000000d5830000,0x00000000d5900000)
  to   space 512K, 0% used [0x00000000d5900000,0x00000000d5900000,0x00000000d5980000)
 ParOldGen       total 1138688K, used 1137915K [0x0000000080000000, 0x00000000c5800000, 0x00000000d5580000)
  object space 1138688K, 99% used [0x0000000080000000,0x00000000c573ee00,0x00000000c5800000)
 Metaspace       used 80110K, committed 81728K, reserved 1179648K
  class space    used 8067K, committed 8832K, reserved 1048576K
}
Event: 2194.497 GC heap after
{Heap after GC invocations=1864 (full 4):
 PSYoungGen      total 3072K, used 256K [0x00000000d5580000, 0x00000000d5980000, 0x0000000100000000)
  eden space 2560K, 0% used [0x00000000d5580000,0x00000000d5580000,0x00000000d5800000)
  from space 512K, 50% used [0x00000000d5900000,0x00000000d5940000,0x00000000d5980000)
  to   space 512K, 0% used [0x00000000d5880000,0x00000000d5880000,0x00000000d5900000)
 ParOldGen       total 1138688K, used 1137963K [0x0000000080000000, 0x00000000c5800000, 0x00000000d5580000)
  object space 1138688K, 99% used [0x0000000080000000,0x00000000c574ae00,0x00000000c5800000)
 Metaspace       used 80110K, committed 81728K, reserved 1179648K
  class space    used 8067K, committed 8832K, reserved 1048576K
}
Event: 2195.370 GC heap before
{Heap before GC invocations=1865 (full 4):
 PSYoungGen      total 3072K, used 2815K [0x00000000d5580000, 0x00000000d5980000, 0x0000000100000000)
  eden space 2560K, 99% used [0x00000000d5580000,0x00000000d57ffef0,0x00000000d5800000)
  from space 512K, 50% used [0x00000000d5900000,0x00000000d5940000,0x00000000d5980000)
  to   space 512K, 0% used [0x00000000d5880000,0x00000000d5880000,0x00000000d5900000)
 ParOldGen       total 1138688K, used 1137963K [0x0000000080000000, 0x00000000c5800000, 0x00000000d5580000)
  object space 1138688K, 99% used [0x0000000080000000,0x00000000c574ae00,0x00000000c5800000)
 Metaspace       used 80112K, committed 81728K, reserved 1179648K
  class space    used 8067K, committed 8832K, reserved 1048576K
}
Event: 2195.377 GC heap after
{Heap after GC invocations=1865 (full 4):
 PSYoungGen      total 3072K, used 497K [0x00000000d5580000, 0x00000000d5a00000, 0x0000000100000000)
  eden space 2560K, 0% used [0x00000000d5580000,0x00000000d5580000,0x00000000d5800000)
  from space 512K, 97% used [0x00000000d5880000,0x00000000d58fc670,0x00000000d5900000)
  to   space 1024K, 0% used [0x00000000d5900000,0x00000000d5900000,0x00000000d5a00000)
 ParOldGen       total 1138688K, used 1138032K [0x0000000080000000, 0x00000000c5800000, 0x00000000d5580000)
  object space 1138688K, 99% used [0x0000000080000000,0x00000000c575c090,0x00000000c5800000)
 Metaspace       used 80112K, committed 81728K, reserved 1179648K
  class space    used 8067K, committed 8832K, reserved 1048576K
}

