# JRE version: OpenJDK Runtime Environment Temurin-21.0.10+7 (21.0.10+7) (build 21.0.10+7-LTS)
# Java VM: OpenJDK 64-Bit Server VM Temurin-21.0.10+7 (21.0.10+7-LTS, mixed mode, sharing, tiered, compressed oops, compressed class ptrs, parallel gc, windows-amd64)
GC Precious Log:
 CardTable entry size: 512
 CPUs: 8 total, 8 available
 Memory: 8029M
 Large Page Support: Disabled
 NUMA Support: Disabled
 Compressed Oops: Enabled (32-bit)
 Alignments: Space 512K, Generation 512K, Heap 2M
 Heap Min Capacity: 100M
 Heap Initial Capacity: 100M
 Heap Max Capacity: 2G
 Pre-touch: Disabled
 Parallel Workers: 8
Heap:
 PSYoungGen      total 12288K, used 2644K [0x00000000d5580000, 0x00000000d6600000, 0x0000000100000000)
  eden space 9216K, 18% used [0x00000000d5580000,0x00000000d5725218,0x00000000d5e80000)
  from space 3072K, 31% used [0x00000000d6080000,0x00000000d6170000,0x00000000d6380000)
  to   space 1536K, 0% used [0x00000000d6480000,0x00000000d6480000,0x00000000d6600000)
 ParOldGen       total 698880K, used 697933K [0x0000000080000000, 0x00000000aaa80000, 0x00000000d5580000)
  object space 698880K, 99% used [0x0000000080000000,0x00000000aa993400,0x00000000aaa80000)
 Metaspace       used 73146K, committed 74816K, reserved 1179648K
  class space    used 7239K, committed 8000K, reserved 1048576K
GC Heap History (20 events):
Event: 1013.285 GC heap before
{Heap before GC invocations=912 (full 4):
 PSYoungGen      total 5120K, used 5108K [0x00000000d5580000, 0x00000000d6000000, 0x0000000100000000)
  eden space 4608K, 100% used [0x00000000d5580000,0x00000000d5a00000,0x00000000d5a00000)
  from space 512K, 97% used [0x00000000d5c80000,0x00000000d5cfd200,0x00000000d5d00000)
  to   space 3072K, 0% used [0x00000000d5d00000,0x00000000d5d00000,0x00000000d6000000)
 ParOldGen       total 630784K, used 630527K [0x0000000080000000, 0x00000000a6800000, 0x00000000d5580000)
  object space 630784K, 99% used [0x0000000080000000,0x00000000a67bfd20,0x00000000a6800000)
 Metaspace       used 73105K, committed 74752K, reserved 1179648K
  class space    used 7239K, committed 8000K, reserved 1048576K
}
Event: 1013.290 GC heap after
{Heap after GC invocations=912 (full 4):
 PSYoungGen      total 6656K, used 2016K [0x00000000d5580000, 0x00000000d5f00000, 0x0000000100000000)
  eden space 4608K, 0% used [0x00000000d5580000,0x00000000d5580000,0x00000000d5a00000)
  from space 2048K, 98% used [0x00000000d5d00000,0x00000000d5ef8000,0x00000000d5f00000)
  to   space 2560K, 0% used [0x00000000d5a00000,0x00000000d5a00000,0x00000000d5c80000)
 ParOldGen       total 631296K, used 631027K [0x0000000080000000, 0x00000000a6880000, 0x00000000d5580000)
  object space 631296K, 99% used [0x0000000080000000,0x00000000a683cf30,0x00000000a6880000)
 Metaspace       used 73105K, committed 74752K, reserved 1179648K
  class space    used 7239K, committed 8000K, reserved 1048576K
}
Event: 1013.325 GC heap before
{Heap before GC invocations=913 (full 4):
 PSYoungGen      total 6656K, used 6624K [0x00000000d5580000, 0x00000000d5f00000, 0x0000000100000000)
  eden space 4608K, 100% used [0x00000000d5580000,0x00000000d5a00000,0x00000000d5a00000)
  from space 2048K, 98% used [0x00000000d5d00000,0x00000000d5ef8000,0x00000000d5f00000)
  to   space 2560K, 0% used [0x00000000d5a00000,0x00000000d5a00000,0x00000000d5c80000)
 ParOldGen       total 631296K, used 631027K [0x0000000080000000, 0x00000000a6880000, 0x00000000d5580000)
  object space 631296K, 99% used [0x0000000080000000,0x00000000a683cf30,0x00000000a6880000)
 Metaspace       used 73105K, committed 74752K, reserved 1179648K
  class space    used 7239K, committed 8000K, reserved 1048576K
}
Event: 1013.363 GC heap after
{Heap after GC invocations=913 (full 4):
 PSYoungGen      total 7168K, used 2560K [0x00000000d5580000, 0x00000000d6700000, 0x0000000100000000)
  eden space 4608K, 0% used [0x00000000d5580000,0x00000000d5580000,0x00000000d5a00000)
  from space 2560K, 100% used [0x00000000d5a00000,0x00000000d5c80000,0x00000000d5c80000)
  to   space 6144K, 0% used [0x00000000d6100000,0x00000000d6100000,0x00000000d6700000)
 ParOldGen       total 634368K, used 633947K [0x0000000080000000, 0x00000000a6b80000, 0x00000000d5580000)
  object space 634368K, 99% used [0x0000000080000000,0x00000000a6b16f50,0x00000000a6b80000)
 Metaspace       used 73105K, committed 74752K, reserved 1179648K
  class space    used 7239K, committed 8000K, reserved 1048576K
}
Event: 1013.442 GC heap before
{Heap before GC invocations=914 (full 4):
 PSYoungGen      total 7168K, used 7168K [0x00000000d5580000, 0x00000000d6700000, 0x0000000100000000)
  eden space 4608K, 100% used [0x00000000d5580000,0x00000000d5a00000,0x00000000d5a00000)
  from space 2560K, 100% used [0x00000000d5a00000,0x00000000d5c80000,0x00000000d5c80000)
  to   space 6144K, 0% used [0x00000000d6100000,0x00000000d6100000,0x00000000d6700000)
 ParOldGen       total 634368K, used 633947K [0x0000000080000000, 0x00000000a6b80000, 0x00000000d5580000)
  object space 634368K, 99% used [0x0000000080000000,0x00000000a6b16f50,0x00000000a6b80000)
 Metaspace       used 73106K, committed 74752K, reserved 1179648K
  class space    used 7239K, committed 8000K, reserved 1048576K
}
Event: 1013.475 GC heap after
{Heap after GC invocations=914 (full 4):
 PSYoungGen      total 10240K, used 4480K [0x00000000d5580000, 0x00000000d6580000, 0x0000000100000000)
  eden space 5632K, 0% used [0x00000000d5580000,0x00000000d5580000,0x00000000d5b00000)
  from space 4608K, 97% used [0x00000000d6100000,0x00000000d6560000,0x00000000d6580000)
  to   space 5120K, 0% used [0x00000000d5b80000,0x00000000d5b80000,0x00000000d6080000)
 ParOldGen       total 636928K, used 636560K [0x0000000080000000, 0x00000000a6e00000, 0x00000000d5580000)
  object space 636928K, 99% used [0x0000000080000000,0x00000000a6da41e0,0x00000000a6e00000)
 Metaspace       used 73106K, committed 74752K, reserved 1179648K
  class space    used 7239K, committed 8000K, reserved 1048576K
}
Event: 1013.511 GC heap before
{Heap before GC invocations=915 (full 4):
 PSYoungGen      total 10240K, used 10112K [0x00000000d5580000, 0x00000000d6580000, 0x0000000100000000)
  eden space 5632K, 100% used [0x00000000d5580000,0x00000000d5b00000,0x00000000d5b00000)
  from space 4608K, 97% used [0x00000000d6100000,0x00000000d6560000,0x00000000d6580000)
  to   space 5120K, 0% used [0x00000000d5b80000,0x00000000d5b80000,0x00000000d6080000)
 ParOldGen       total 636928K, used 636560K [0x0000000080000000, 0x00000000a6e00000, 0x00000000d5580000)
  object space 636928K, 99% used [0x0000000080000000,0x00000000a6da41e0,0x00000000a6e00000)
 Metaspace       used 73109K, committed 74752K, reserved 1179648K
  class space    used 7239K, committed 8000K, reserved 1048576K
}
Event: 1013.546 GC heap after
{Heap after GC invocations=915 (full 4):
 PSYoungGen      total 11264K, used 5069K [0x00000000d5580000, 0x00000000d6780000, 0x0000000100000000)
  eden space 6144K, 0% used [0x00000000d5580000,0x00000000d5580000,0x00000000d5b80000)
  from space 5120K, 99% used [0x00000000d5b80000,0x00000000d6073780,0x00000000d6080000)
  to   space 5632K, 0% used [0x00000000d6200000,0x00000000d6200000,0x00000000d6780000)
 ParOldGen       total 641024K, used 640978K [0x0000000080000000, 0x00000000a7200000, 0x00000000d5580000)
  object space 641024K, 99% used [0x0000000080000000,0x00000000a71f4810,0x00000000a7200000)
 Metaspace       used 73109K, committed 74752K, reserved 1179648K
  class space    used 7239K, committed 8000K, reserved 1048576K
}
Event: 1013.618 GC heap before
{Heap before GC invocations=916 (full 4):
 PSYoungGen      total 11264K, used 11073K [0x00000000d5580000, 0x00000000d6780000, 0x0000000100000000)
  eden space 6144K, 97% used [0x00000000d5580000,0x00000000d5b5ce30,0x00000000d5b80000)
  from space 5120K, 99% used [0x00000000d5b80000,0x00000000d6073780,0x00000000d6080000)
  to   space 5632K, 0% used [0x00000000d6200000,0x00000000d6200000,0x00000000d6780000)
 ParOldGen       total 641024K, used 640978K [0x0000000080000000, 0x00000000a7200000, 0x00000000d5580000)
  object space 641024K, 99% used [0x0000000080000000,0x00000000a71f4810,0x00000000a7200000)
 Metaspace       used 73112K, committed 74752K, reserved 1179648K
  class space    used 7239K, committed 8000K, reserved 1048576K
}
Event: 1013.660 GC heap after
{Heap after GC invocations=916 (full 4):
 PSYoungGen      total 12800K, used 4415K [0x00000000d5580000, 0x00000000d6700000, 0x0000000100000000)
  eden space 7680K, 0% used [0x00000000d5580000,0x00000000d5580000,0x00000000d5d00000)
  from space 5120K, 86% used [0x00000000d6200000,0x00000000d664fc10,0x00000000d6700000)
  to   space 5120K, 0% used [0x00000000d5d00000,0x00000000d5d00000,0x00000000d6200000)
 ParOldGen       total 645632K, used 645626K [0x0000000080000000, 0x00000000a7680000, 0x00000000d5580000)
  object space 645632K, 99% used [0x0000000080000000,0x00000000a767e810,0x00000000a7680000)
 Metaspace       used 73112K, committed 74752K, reserved 1179648K
  class space    used 7239K, committed 8000K, reserved 1048576K
}
Event: 1013.921 GC heap before
{Heap before GC invocations=917 (full 4):
 PSYoungGen      total 12800K, used 12095K [0x00000000d5580000, 0x00000000d6700000, 0x0000000100000000)
  eden space 7680K, 100% used [0x00000000d5580000,0x00000000d5d00000,0x00000000d5d00000)
  from space 5120K, 86% used [0x00000000d6200000,0x00000000d664fc10,0x00000000d6700000)
  to   space 5120K, 0% used [0x00000000d5d00000,0x00000000d5d00000,0x00000000d6200000)
 ParOldGen       total 645632K, used 645626K [0x0000000080000000, 0x00000000a7680000, 0x00000000d5580000)
  object space 645632K, 99% used [0x0000000080000000,0x00000000a767e810,0x00000000a7680000)
 Metaspace       used 73123K, committed 74752K, reserved 1179648K
  class space    used 7239K, committed 8000K, reserved 1048576K
}
Event: 1013.959 GC heap after
{Heap after GC invocations=917 (full 4):
 PSYoungGen      total 12800K, used 5112K [0x00000000d5580000, 0x00000000d7280000, 0x0000000100000000)
  eden space 7680K, 0% used [0x00000000d5580000,0x00000000d5580000,0x00000000d5d00000)
  from space 5120K, 99% used [0x00000000d5d00000,0x00000000d61fe3b0,0x00000000d6200000)
  to   space 10240K, 0% used [0x00000000d6880000,0x00000000d6880000,0x00000000d7280000)
 ParOldGen       total 650240K, used 649751K [0x0000000080000000, 0x00000000a7b00000, 0x00000000d5580000)
  object space 650240K, 99% used [0x0000000080000000,0x00000000a7a85da0,0x00000000a7b00000)
 Metaspace       used 73123K, committed 74752K, reserved 1179648K
  class space    used 7239K, committed 8000K, reserved 1048576K
}
Event: 1014.357 GC heap before
{Heap before GC invocations=918 (full 4):
 PSYoungGen      total 12800K, used 12792K [0x00000000d5580000, 0x00000000d7280000, 0x0000000100000000)
  eden space 7680K, 100% used [0x00000000d5580000,0x00000000d5d00000,0x00000000d5d00000)
  from space 5120K, 99% used [0x00000000d5d00000,0x00000000d61fe3b0,0x00000000d6200000)
  to   space 10240K, 0% used [0x00000000d6880000,0x00000000d6880000,0x00000000d7280000)
 ParOldGen       total 650240K, used 649751K [0x0000000080000000, 0x00000000a7b00000, 0x00000000d5580000)
  object space 650240K, 99% used [0x0000000080000000,0x00000000a7a85da0,0x00000000a7b00000)
 Metaspace       used 73126K, committed 74752K, reserved 1179648K
  class space    used 7239K, committed 8000K, reserved 1048576K
}
Event: 1014.393 GC heap after
{Heap after GC invocations=918 (full 4):
 PSYoungGen      total 15360K, used 6047K [0x00000000d5580000, 0x00000000d6e80000, 0x0000000100000000)
  eden space 9216K, 0% used [0x00000000d5580000,0x00000000d5580000,0x00000000d5e80000)
  from space 6144K, 98% used [0x00000000d6880000,0x00000000d6e67df8,0x00000000d6e80000)
  to   space 7680K, 0% used [0x00000000d5f80000,0x00000000d5f80000,0x00000000d6700000)
 ParOldGen       total 655360K, used 654904K [0x0000000080000000, 0x00000000a8000000, 0x00000000d5580000)
  object space 655360K, 99% used [0x0000000080000000,0x00000000a7f8e180,0x00000000a8000000)
 Metaspace       used 73126K, committed 74752K, reserved 1179648K
  class space    used 7239K, committed 8000K, reserved 1048576K
}
Event: 1014.891 GC heap before
{Heap before GC invocations=919 (full 4):
 PSYoungGen      total 15360K, used 15263K [0x00000000d5580000, 0x00000000d6e80000, 0x0000000100000000)
  eden space 9216K, 100% used [0x00000000d5580000,0x00000000d5e80000,0x00000000d5e80000)
  from space 6144K, 98% used [0x00000000d6880000,0x00000000d6e67df8,0x00000000d6e80000)
  to   space 7680K, 0% used [0x00000000d5f80000,0x00000000d5f80000,0x00000000d6700000)
 ParOldGen       total 655360K, used 654904K [0x0000000080000000, 0x00000000a8000000, 0x00000000d5580000)
  object space 655360K, 99% used [0x0000000080000000,0x00000000a7f8e180,0x00000000a8000000)
 Metaspace       used 73126K, committed 74752K, reserved 1179648K
  class space    used 7239K, committed 8000K, reserved 1048576K
}
Event: 1014.933 GC heap after
{Heap after GC invocations=919 (full 4):
 PSYoungGen      total 15360K, used 6107K [0x00000000d5580000, 0x00000000d6b80000, 0x0000000100000000)
  eden space 9216K, 0% used [0x00000000d5580000,0x00000000d5580000,0x00000000d5e80000)
  from space 6144K, 99% used [0x00000000d5f80000,0x00000000d6576ea8,0x00000000d6580000)
  to   space 6144K, 0% used [0x00000000d6580000,0x00000000d6580000,0x00000000d6b80000)
 ParOldGen       total 660992K, used 660857K [0x0000000080000000, 0x00000000a8580000, 0x00000000d5580000)
  object space 660992K, 99% used [0x0000000080000000,0x00000000a855e4b8,0x00000000a8580000)
 Metaspace       used 73126K, committed 74752K, reserved 1179648K
  class space    used 7239K, committed 8000K, reserved 1048576K
}
Event: 1015.199 GC heap before
{Heap before GC invocations=920 (full 4):
 PSYoungGen      total 15360K, used 15323K [0x00000000d5580000, 0x00000000d6b80000, 0x0000000100000000)
  eden space 9216K, 100% used [0x00000000d5580000,0x00000000d5e80000,0x00000000d5e80000)
  from space 6144K, 99% used [0x00000000d5f80000,0x00000000d6576ea8,0x00000000d6580000)
  to   space 6144K, 0% used [0x00000000d6580000,0x00000000d6580000,0x00000000d6b80000)
 ParOldGen       total 660992K, used 660857K [0x0000000080000000, 0x00000000a8580000, 0x00000000d5580000)
  object space 660992K, 99% used [0x0000000080000000,0x00000000a855e4b8,0x00000000a8580000)
 Metaspace       used 73126K, committed 74752K, reserved 1179648K
  class space    used 7239K, committed 8000K, reserved 1048576K
}
Event: 1015.212 GC heap after
{Heap after GC invocations=920 (full 4):
 PSYoungGen      total 10240K, used 532K [0x00000000d5580000, 0x00000000d6680000, 0x0000000100000000)
  eden space 9216K, 0% used [0x00000000d5580000,0x00000000d5580000,0x00000000d5e80000)
  from space 1024K, 52% used [0x00000000d6580000,0x00000000d6605200,0x00000000d6680000)
  to   space 3072K, 0% used [0x00000000d6080000,0x00000000d6080000,0x00000000d6380000)
 ParOldGen       total 667136K, used 666828K [0x0000000080000000, 0x00000000a8b80000, 0x00000000d5580000)
  object space 667136K, 99% used [0x0000000080000000,0x00000000a8b332c0,0x00000000a8b80000)
 Metaspace       used 73126K, committed 74752K, reserved 1179648K
  class space    used 7239K, committed 8000K, reserved 1048576K
}
Event: 1015.495 GC heap before
{Heap before GC invocations=921 (full 4):
 PSYoungGen      total 10240K, used 9748K [0x00000000d5580000, 0x00000000d6680000, 0x0000000100000000)
  eden space 9216K, 100% used [0x00000000d5580000,0x00000000d5e80000,0x00000000d5e80000)
  from space 1024K, 52% used [0x00000000d6580000,0x00000000d6605200,0x00000000d6680000)
  to   space 3072K, 0% used [0x00000000d6080000,0x00000000d6080000,0x00000000d6380000)
 ParOldGen       total 698880K, used 697548K [0x0000000080000000, 0x00000000aaa80000, 0x00000000d5580000)
  object space 698880K, 99% used [0x0000000080000000,0x00000000aa9332f0,0x00000000aaa80000)
 Metaspace       used 73138K, committed 74752K, reserved 1179648K
  class space    used 7239K, committed 8000K, reserved 1048576K
}
Event: 1015.507 GC heap after
{Heap after GC invocations=921 (full 4):
 PSYoungGen      total 12288K, used 960K [0x00000000d5580000, 0x00000000d6600000, 0x0000000100000000)
  eden space 9216K, 0% used [0x00000000d5580000,0x00000000d5580000,0x00000000d5e80000)
  from space 3072K, 31% used [0x00000000d6080000,0x00000000d6170000,0x00000000d6380000)
  to   space 1536K, 0% used [0x00000000d6480000,0x00000000d6480000,0x00000000d6600000)
 ParOldGen       total 698880K, used 697933K [0x0000000080000000, 0x00000000aaa80000, 0x00000000d5580000)
  object space 698880K, 99% used [0x0000000080000000,0x00000000aa993400,0x00000000aaa80000)
 Metaspace       used 73138K, committed 74752K, reserved 1179648K
  class space    used 7239K, committed 8000K, reserved 1048576K
}

